CRITICAL - 2024-08-09 07:03:18 --> Undefined array key "valor_inc"
#0 C:\xampp\htdocs\dfpyme\app\Controllers\pedidos\Imprimir.php(850): CodeIgniter\Debug\Exceptions->errorHandler(2, 'Undefined array...', 'C:\\xampp\\htdocs...', 850)
#1 C:\xampp\htdocs\dfpyme\system\CodeIgniter.php(832): App\Controllers\pedidos\Imprimir->imprimir_fiscal()
#2 C:\xampp\htdocs\dfpyme\system\CodeIgniter.php(419): CodeIgniter\CodeIgniter->runController(Object(App\Controllers\pedidos\Imprimir))
#3 C:\xampp\htdocs\dfpyme\system\CodeIgniter.php(326): CodeIgniter\CodeIgniter->handleRequest(NULL, Object(Config\Cache), false)
#4 C:\xampp\htdocs\dfpyme\index.php(37): CodeIgniter\CodeIgniter->run()
#5 {main}
CRITICAL - 2024-08-09 07:37:16 --> Too few arguments to function App\Models\facturaVentaModel::ventas_contado_electronicas(), 1 passed in C:\xampp\htdocs\dfpyme\app\Controllers\pedidos\Imprimir.php on line 720 and exactly 2 expected
#0 C:\xampp\htdocs\dfpyme\app\Controllers\pedidos\Imprimir.php(720): App\Models\facturaVentaModel->ventas_contado_electronicas('4')
#1 C:\xampp\htdocs\dfpyme\system\CodeIgniter.php(832): App\Controllers\pedidos\Imprimir->imprimir_fiscal()
#2 C:\xampp\htdocs\dfpyme\system\CodeIgniter.php(419): CodeIgniter\CodeIgniter->runController(Object(App\Controllers\pedidos\Imprimir))
#3 C:\xampp\htdocs\dfpyme\system\CodeIgniter.php(326): CodeIgniter\CodeIgniter->handleRequest(NULL, Object(Config\Cache), false)
#4 C:\xampp\htdocs\dfpyme\index.php(37): CodeIgniter\CodeIgniter->run()
#5 {main}
CRITICAL - 2024-08-09 07:37:17 --> Too few arguments to function App\Models\facturaVentaModel::ventas_contado_electronicas(), 1 passed in C:\xampp\htdocs\dfpyme\app\Controllers\pedidos\Imprimir.php on line 720 and exactly 2 expected
#0 C:\xampp\htdocs\dfpyme\app\Controllers\pedidos\Imprimir.php(720): App\Models\facturaVentaModel->ventas_contado_electronicas('4')
#1 C:\xampp\htdocs\dfpyme\system\CodeIgniter.php(832): App\Controllers\pedidos\Imprimir->imprimir_fiscal()
#2 C:\xampp\htdocs\dfpyme\system\CodeIgniter.php(419): CodeIgniter\CodeIgniter->runController(Object(App\Controllers\pedidos\Imprimir))
#3 C:\xampp\htdocs\dfpyme\system\CodeIgniter.php(326): CodeIgniter\CodeIgniter->handleRequest(NULL, Object(Config\Cache), false)
#4 C:\xampp\htdocs\dfpyme\index.php(37): CodeIgniter\CodeIgniter->run()
#5 {main}
