CRITICAL - 2024-02-08 11:56:46 --> Call to a member function orderBy() on array
#0 C:\xampp\htdocs\dfpyme\system\CodeIgniter.php(832): App\Controllers\configuracion\Configuracion->tipos_de_factura()
#1 C:\xampp\htdocs\dfpyme\system\CodeIgniter.php(419): CodeIgniter\CodeIgniter->runController(Object(App\Controllers\configuracion\Configuracion))
#2 C:\xampp\htdocs\dfpyme\system\CodeIgniter.php(326): CodeIgniter\CodeIgniter->handleRequest(NULL, Object(Config\Cache), false)
#3 C:\xampp\htdocs\dfpyme\index.php(37): CodeIgniter\CodeIgniter->run()
#4 {main}
CRITICAL - 2024-02-08 11:57:18 --> Call to a member function orderBy() on array
#0 C:\xampp\htdocs\dfpyme\system\CodeIgniter.php(832): App\Controllers\configuracion\Configuracion->tipos_de_factura()
#1 C:\xampp\htdocs\dfpyme\system\CodeIgniter.php(419): CodeIgniter\CodeIgniter->runController(Object(App\Controllers\configuracion\Configuracion))
#2 C:\xampp\htdocs\dfpyme\system\CodeIgniter.php(326): CodeIgniter\CodeIgniter->handleRequest(NULL, Object(Config\Cache), false)
#3 C:\xampp\htdocs\dfpyme\index.php(37): CodeIgniter\CodeIgniter->run()
#4 {main}
CRITICAL - 2024-02-08 11:57:19 --> Call to a member function orderBy() on array
#0 C:\xampp\htdocs\dfpyme\system\CodeIgniter.php(832): App\Controllers\configuracion\Configuracion->tipos_de_factura()
#1 C:\xampp\htdocs\dfpyme\system\CodeIgniter.php(419): CodeIgniter\CodeIgniter->runController(Object(App\Controllers\configuracion\Configuracion))
#2 C:\xampp\htdocs\dfpyme\system\CodeIgniter.php(326): CodeIgniter\CodeIgniter->handleRequest(NULL, Object(Config\Cache), false)
#3 C:\xampp\htdocs\dfpyme\index.php(37): CodeIgniter\CodeIgniter->run()
#4 {main}
CRITICAL - 2024-02-08 12:06:10 --> Undefined array key "id"
#0 C:\xampp\htdocs\dfpyme\app\Views\tipos_de_factura\facturas.php(28): CodeIgniter\Debug\Exceptions->errorHandler(2, 'Undefined array...', 'C:\\xampp\\htdocs...', 28)
#1 C:\xampp\htdocs\dfpyme\system\View\View.php(210): include('C:\\xampp\\htdocs...')
#2 C:\xampp\htdocs\dfpyme\system\View\View.php(213): CodeIgniter\View\View->CodeIgniter\View\{closure}()
#3 C:\xampp\htdocs\dfpyme\system\Common.php(1089): CodeIgniter\View\View->render('tipos_de_factur...', Array, true)
#4 C:\xampp\htdocs\dfpyme\app\Controllers\configuracion\Configuracion.php(216): view('tipos_de_factur...', Array)
#5 C:\xampp\htdocs\dfpyme\system\CodeIgniter.php(832): App\Controllers\configuracion\Configuracion->tipos_de_factura()
#6 C:\xampp\htdocs\dfpyme\system\CodeIgniter.php(419): CodeIgniter\CodeIgniter->runController(Object(App\Controllers\configuracion\Configuracion))
#7 C:\xampp\htdocs\dfpyme\system\CodeIgniter.php(326): CodeIgniter\CodeIgniter->handleRequest(NULL, Object(Config\Cache), false)
#8 C:\xampp\htdocs\dfpyme\index.php(37): CodeIgniter\CodeIgniter->run()
#9 {main}
